<?xml version="1.0" encoding="UTF-8"?>
<!-- Generated by org.testng.reporters.JUnitReportReporter -->
<testsuite skipped="0" hostname="DESKTOP-M4V7BKT" name="RestProject.RestProject.ByCityId" tests="3" failures="0" timestamp="05 Aug 2018 18:42:15 GMT" time="3.497" errors="0">
  <testcase name="Sad_Path_For_CityId_UnAuthorized" time="0.219" classname="RestProject.RestProject.ByCityId"/>
  <testcase name="Happy_Path_For_CityId" time="3.026" classname="RestProject.RestProject.ByCityId"/>
  <testcase name="Sad_Path_For_CityId_BadRequest" time="0.252" classname="RestProject.RestProject.ByCityId"/>
</testsuite> <!-- RestProject.RestProject.ByCityId -->
