<?xml version="1.0" encoding="UTF-8"?>
<!-- Generated by org.testng.reporters.JUnitReportReporter -->
<testsuite skipped="0" hostname="DESKTOP-M4V7BKT" name="RestProject.RestProject.ByCityName" tests="4" failures="0" timestamp="05 Aug 2018 18:42:30 GMT" time="3.282" errors="0">
  <testcase name="Sad_Path_For_CityName_NotFound" time="0.141" classname="RestProject.RestProject.ByCityName"/>
  <testcase name="Happy_Path_For_CityName" time="2.860" classname="RestProject.RestProject.ByCityName"/>
  <testcase name="Sad_Path_For_CityName_BadRequest" time="0.125" classname="RestProject.RestProject.ByCityName"/>
  <testcase name="Sad_Path_For_CityName_UnAuthorized" time="0.156" classname="RestProject.RestProject.ByCityName"/>
</testsuite> <!-- RestProject.RestProject.ByCityName -->
