<?xml version="1.0" encoding="UTF-8"?>
<!-- Generated by org.testng.reporters.JUnitReportReporter -->
<testsuite skipped="0" hostname="DESKTOP-M4V7BKT" name="RestProject.RestProject.ByZipCode" tests="4" failures="0" timestamp="05 Aug 2018 18:43:42 GMT" time="3.429" errors="0">
  <testcase name="Sad_Path_For_ZipCode_NotFound" time="0.156" classname="RestProject.RestProject.ByZipCode"/>
  <testcase name="Happy_Path_For_ZipCode" time="2.961" classname="RestProject.RestProject.ByZipCode"/>
  <testcase name="Sad_Path_For_ZipCode_BadRequest" time="0.156" classname="RestProject.RestProject.ByZipCode"/>
  <testcase name="Sad_Path_For_ZipCode_UnAuthorized" time="0.156" classname="RestProject.RestProject.ByZipCode"/>
</testsuite> <!-- RestProject.RestProject.ByZipCode -->
